<?xml version="1.0" encoding="UTF-8"?>
<!-- Generated by org.testng.reporters.JUnitXMLReporter -->
<testsuite ignored="0" hostname="DESKTOP-F4S4O5V" failures="1" tests="1" name="ChromeTest" time="16.963" errors="0" timestamp="2022-07-12T12:58:19 IST">
  <testcase classname="orangehrmliveTestClasses.LoginModuleTestClass" name="loginHrm" time="0.011">
    <failure type="java.lang.NullPointerException" message="Cannot invoke &amp;quot;org.openqa.selenium.WebDriver.get(String)&amp;quot; because &amp;quot;orangehrmliveTestClasses.LoginModuleTestClass.driver&amp;quot; is null">
      <![CDATA[java.lang.NullPointerException: Cannot invoke "org.openqa.selenium.WebDriver.get(String)" because "orangehrmliveTestClasses.LoginModuleTestClass.driver" is null
at orangehrmliveTestClasses.LoginModuleTestClass.loginHrm(LoginModuleTestClass.java:17)
at java.base/java.util.ArrayList.forEach(ArrayList.java:1511)
... Removed 27 stack frames]]>
    </failure>
  </testcase> <!-- loginHrm -->
</testsuite> <!-- ChromeTest -->
